<?xml version="1.0" encoding="UTF-8"?>
<testng-results total="1" passed="1" failed="0" skipped="0">
  <reporter-output>
  </reporter-output>
  <suite started-at="2021-06-06T13:28:57Z" name="Suite" finished-at="2021-06-06T13:29:08Z" duration-ms="10869">
    <groups>
    </groups>
    <test started-at="2021-06-06T13:28:57Z" name="Test" finished-at="2021-06-06T13:29:08Z" duration-ms="10869">
      <class name="demoPackage.SeleniumDemo">
        <test-method is-config="true" signature="openBrowser()[pri:0, instance:demoPackage.SeleniumDemo@3fc79729]" started-at="2021-06-06T18:58:57Z" name="openBrowser" finished-at="2021-06-06T18:58:59Z" duration-ms="1616" status="PASS">
          <reporter-output>
          </reporter-output>
        </test-method> <!-- openBrowser -->
        <test-method signature="testTitle()[pri:0, instance:demoPackage.SeleniumDemo@3fc79729]" started-at="2021-06-06T18:58:59Z" name="testTitle" finished-at="2021-06-06T18:59:08Z" duration-ms="9139" status="PASS">
          <reporter-output>
          </reporter-output>
        </test-method> <!-- testTitle -->
        <test-method is-config="true" signature="closeBrowser()[pri:0, instance:demoPackage.SeleniumDemo@3fc79729]" started-at="2021-06-06T18:59:08Z" name="closeBrowser" finished-at="2021-06-06T18:59:08Z" duration-ms="99" status="PASS">
          <reporter-output>
          </reporter-output>
        </test-method> <!-- closeBrowser -->
      </class> <!-- demoPackage.SeleniumDemo -->
    </test> <!-- Test -->
  </suite> <!-- Suite -->
</testng-results>
